  main.cpp
C:\Users\Kuba\source\repos\Traveler's_Shadow\Traveler's_Shadow\classes\math.hpp(12,29): warning C4244: 'argument': conversion from 'float' to 'int', possible loss of data
  (compiling source file 'main.cpp')
  
C:\Users\Kuba\source\repos\Traveler's_Shadow\Traveler's_Shadow\classes\math.hpp(12,45): warning C4244: 'argument': conversion from 'float' to 'int', possible loss of data
  (compiling source file 'main.cpp')
  
C:\Users\Kuba\source\repos\Traveler's_Shadow\Traveler's_Shadow\classes\math.hpp(17,12): warning C4244: 'return': conversion from 'int' to 'float', possible loss of data
  (compiling source file 'main.cpp')
  
C:\Users\Kuba\source\repos\Traveler's_Shadow\Traveler's_Shadow\classes\input.hpp(12,11): warning C4552: '-': result of expression not used
  (compiling source file 'main.cpp')
  
C:\Users\Kuba\source\repos\Traveler's_Shadow\Traveler's_Shadow\classes\input.hpp(65,12): warning C4305: 'return': truncation from 'double' to 'float'
  (compiling source file 'main.cpp')
  
C:\Users\Kuba\source\repos\Traveler's_Shadow\Traveler's_Shadow\classes\animation.hpp(30,17): warning C4244: 'initializing': conversion from 'int' to 'float', possible loss of data
  (compiling source file 'main.cpp')
  
C:\Users\Kuba\source\repos\Traveler's_Shadow\Traveler's_Shadow\classes\animation.hpp(33,50): warning C4244: 'argument': conversion from 'float' to 'T', possible loss of data
C:\Users\Kuba\source\repos\Traveler's_Shadow\Traveler's_Shadow\classes\animation.hpp(33,50): warning C4244:         with
C:\Users\Kuba\source\repos\Traveler's_Shadow\Traveler's_Shadow\classes\animation.hpp(33,50): warning C4244:         [
C:\Users\Kuba\source\repos\Traveler's_Shadow\Traveler's_Shadow\classes\animation.hpp(33,50): warning C4244:             T=int
C:\Users\Kuba\source\repos\Traveler's_Shadow\Traveler's_Shadow\classes\animation.hpp(33,50): warning C4244:         ]
  (compiling source file 'main.cpp')
  
C:\Users\Kuba\source\repos\Traveler's_Shadow\Traveler's_Shadow\classes\healthbars.hpp(6,50): warning C4244: 'argument': conversion from 'int' to 'T', possible loss of data
C:\Users\Kuba\source\repos\Traveler's_Shadow\Traveler's_Shadow\classes\healthbars.hpp(6,50): warning C4244:         with
C:\Users\Kuba\source\repos\Traveler's_Shadow\Traveler's_Shadow\classes\healthbars.hpp(6,50): warning C4244:         [
C:\Users\Kuba\source\repos\Traveler's_Shadow\Traveler's_Shadow\classes\healthbars.hpp(6,50): warning C4244:             T=float
C:\Users\Kuba\source\repos\Traveler's_Shadow\Traveler's_Shadow\classes\healthbars.hpp(6,50): warning C4244:         ]
  (compiling source file 'main.cpp')
  
C:\Users\Kuba\source\repos\Traveler's_Shadow\Traveler's_Shadow\classes\healthbars.hpp(6,34): warning C4244: 'argument': conversion from 'int' to 'T', possible loss of data
C:\Users\Kuba\source\repos\Traveler's_Shadow\Traveler's_Shadow\classes\healthbars.hpp(6,34): warning C4244:         with
C:\Users\Kuba\source\repos\Traveler's_Shadow\Traveler's_Shadow\classes\healthbars.hpp(6,34): warning C4244:         [
C:\Users\Kuba\source\repos\Traveler's_Shadow\Traveler's_Shadow\classes\healthbars.hpp(6,34): warning C4244:             T=float
C:\Users\Kuba\source\repos\Traveler's_Shadow\Traveler's_Shadow\classes\healthbars.hpp(6,34): warning C4244:         ]
  (compiling source file 'main.cpp')
  
C:\Users\Kuba\source\repos\Traveler's_Shadow\Traveler's_Shadow\classes\healthbars.hpp(7,60): warning C4244: 'argument': conversion from 'int' to 'T', possible loss of data
C:\Users\Kuba\source\repos\Traveler's_Shadow\Traveler's_Shadow\classes\healthbars.hpp(7,60): warning C4244:         with
C:\Users\Kuba\source\repos\Traveler's_Shadow\Traveler's_Shadow\classes\healthbars.hpp(7,60): warning C4244:         [
C:\Users\Kuba\source\repos\Traveler's_Shadow\Traveler's_Shadow\classes\healthbars.hpp(7,60): warning C4244:             T=float
C:\Users\Kuba\source\repos\Traveler's_Shadow\Traveler's_Shadow\classes\healthbars.hpp(7,60): warning C4244:         ]
  (compiling source file 'main.cpp')
  
C:\Users\Kuba\source\repos\Traveler's_Shadow\Traveler's_Shadow\classes\healthbars.hpp(7,44): warning C4244: 'argument': conversion from 'int' to 'T', possible loss of data
C:\Users\Kuba\source\repos\Traveler's_Shadow\Traveler's_Shadow\classes\healthbars.hpp(7,44): warning C4244:         with
C:\Users\Kuba\source\repos\Traveler's_Shadow\Traveler's_Shadow\classes\healthbars.hpp(7,44): warning C4244:         [
C:\Users\Kuba\source\repos\Traveler's_Shadow\Traveler's_Shadow\classes\healthbars.hpp(7,44): warning C4244:             T=float
C:\Users\Kuba\source\repos\Traveler's_Shadow\Traveler's_Shadow\classes\healthbars.hpp(7,44): warning C4244:         ]
  (compiling source file 'main.cpp')
  
C:\Users\Kuba\source\repos\Traveler's_Shadow\Traveler's_Shadow\classes\entity.hpp(31,24): warning C4305: 'initializing': truncation from 'double' to 'const float'
  (compiling source file 'main.cpp')
  
C:\Users\Kuba\source\repos\Traveler's_Shadow\Traveler's_Shadow\classes\player.hpp(4,178): warning C4244: 'argument': conversion from 'const int' to 'float', possible loss of data
  (compiling source file 'main.cpp')
  
C:\Users\Kuba\source\repos\Traveler's_Shadow\Traveler's_Shadow\classes\boss.hpp(7,151): warning C4244: 'argument': conversion from 'const int' to 'float', possible loss of data
  (compiling source file 'main.cpp')
  
C:\Users\Kuba\source\repos\Traveler's_Shadow\Traveler's_Shadow\classes\boss.hpp(28,30): warning C4244: 'initializing': conversion from 'T' to 'float', possible loss of data
C:\Users\Kuba\source\repos\Traveler's_Shadow\Traveler's_Shadow\classes\boss.hpp(28,30): warning C4244:         with
C:\Users\Kuba\source\repos\Traveler's_Shadow\Traveler's_Shadow\classes\boss.hpp(28,30): warning C4244:         [
C:\Users\Kuba\source\repos\Traveler's_Shadow\Traveler's_Shadow\classes\boss.hpp(28,30): warning C4244:             T=unsigned int
C:\Users\Kuba\source\repos\Traveler's_Shadow\Traveler's_Shadow\classes\boss.hpp(28,30): warning C4244:         ]
  (compiling source file 'main.cpp')
  
C:\Users\Kuba\source\repos\Traveler's_Shadow\Traveler's_Shadow\classes\boss.hpp(30,51): warning C4244: 'argument': conversion from 'int' to 'T', possible loss of data
C:\Users\Kuba\source\repos\Traveler's_Shadow\Traveler's_Shadow\classes\boss.hpp(30,51): warning C4244:         with
C:\Users\Kuba\source\repos\Traveler's_Shadow\Traveler's_Shadow\classes\boss.hpp(30,51): warning C4244:         [
C:\Users\Kuba\source\repos\Traveler's_Shadow\Traveler's_Shadow\classes\boss.hpp(30,51): warning C4244:             T=float
C:\Users\Kuba\source\repos\Traveler's_Shadow\Traveler's_Shadow\classes\boss.hpp(30,51): warning C4244:         ]
  (compiling source file 'main.cpp')
  
C:\Users\Kuba\source\repos\Traveler's_Shadow\Traveler's_Shadow\classes\boss.hpp(30,46): warning C4244: 'argument': conversion from 'int' to 'T', possible loss of data
C:\Users\Kuba\source\repos\Traveler's_Shadow\Traveler's_Shadow\classes\boss.hpp(30,46): warning C4244:         with
C:\Users\Kuba\source\repos\Traveler's_Shadow\Traveler's_Shadow\classes\boss.hpp(30,46): warning C4244:         [
C:\Users\Kuba\source\repos\Traveler's_Shadow\Traveler's_Shadow\classes\boss.hpp(30,46): warning C4244:             T=float
C:\Users\Kuba\source\repos\Traveler's_Shadow\Traveler's_Shadow\classes\boss.hpp(30,46): warning C4244:         ]
  (compiling source file 'main.cpp')
  
C:\Users\Kuba\source\repos\Traveler's_Shadow\Traveler's_Shadow\classes\boss.hpp(31,64): warning C4244: 'argument': conversion from 'int' to 'T', possible loss of data
C:\Users\Kuba\source\repos\Traveler's_Shadow\Traveler's_Shadow\classes\boss.hpp(31,64): warning C4244:         with
C:\Users\Kuba\source\repos\Traveler's_Shadow\Traveler's_Shadow\classes\boss.hpp(31,64): warning C4244:         [
C:\Users\Kuba\source\repos\Traveler's_Shadow\Traveler's_Shadow\classes\boss.hpp(31,64): warning C4244:             T=float
C:\Users\Kuba\source\repos\Traveler's_Shadow\Traveler's_Shadow\classes\boss.hpp(31,64): warning C4244:         ]
  (compiling source file 'main.cpp')
  
C:\Users\Kuba\source\repos\Traveler's_Shadow\Traveler's_Shadow\classes\boss.hpp(31,59): warning C4244: 'argument': conversion from 'int' to 'T', possible loss of data
C:\Users\Kuba\source\repos\Traveler's_Shadow\Traveler's_Shadow\classes\boss.hpp(31,59): warning C4244:         with
C:\Users\Kuba\source\repos\Traveler's_Shadow\Traveler's_Shadow\classes\boss.hpp(31,59): warning C4244:         [
C:\Users\Kuba\source\repos\Traveler's_Shadow\Traveler's_Shadow\classes\boss.hpp(31,59): warning C4244:             T=float
C:\Users\Kuba\source\repos\Traveler's_Shadow\Traveler's_Shadow\classes\boss.hpp(31,59): warning C4244:         ]
  (compiling source file 'main.cpp')
  
C:\Users\Kuba\source\repos\Traveler's_Shadow\Traveler's_Shadow\classes\boss.hpp(34,99): warning C4244: 'argument': conversion from 'T' to 'T', possible loss of data
C:\Users\Kuba\source\repos\Traveler's_Shadow\Traveler's_Shadow\classes\boss.hpp(34,99): warning C4244:         with
C:\Users\Kuba\source\repos\Traveler's_Shadow\Traveler's_Shadow\classes\boss.hpp(34,99): warning C4244:         [
C:\Users\Kuba\source\repos\Traveler's_Shadow\Traveler's_Shadow\classes\boss.hpp(34,99): warning C4244:             T=unsigned int
C:\Users\Kuba\source\repos\Traveler's_Shadow\Traveler's_Shadow\classes\boss.hpp(34,99): warning C4244:         ]
C:\Users\Kuba\source\repos\Traveler's_Shadow\Traveler's_Shadow\classes\boss.hpp(34,99): warning C4244:         and
C:\Users\Kuba\source\repos\Traveler's_Shadow\Traveler's_Shadow\classes\boss.hpp(34,99): warning C4244:         [
C:\Users\Kuba\source\repos\Traveler's_Shadow\Traveler's_Shadow\classes\boss.hpp(34,99): warning C4244:             T=float
C:\Users\Kuba\source\repos\Traveler's_Shadow\Traveler's_Shadow\classes\boss.hpp(34,99): warning C4244:         ]
  (compiling source file 'main.cpp')
  
C:\Users\Kuba\source\repos\Traveler's_Shadow\Traveler's_Shadow\classes\boss.hpp(35,89): warning C4244: 'argument': conversion from 'T' to 'T', possible loss of data
C:\Users\Kuba\source\repos\Traveler's_Shadow\Traveler's_Shadow\classes\boss.hpp(35,89): warning C4244:         with
C:\Users\Kuba\source\repos\Traveler's_Shadow\Traveler's_Shadow\classes\boss.hpp(35,89): warning C4244:         [
C:\Users\Kuba\source\repos\Traveler's_Shadow\Traveler's_Shadow\classes\boss.hpp(35,89): warning C4244:             T=unsigned int
C:\Users\Kuba\source\repos\Traveler's_Shadow\Traveler's_Shadow\classes\boss.hpp(35,89): warning C4244:         ]
C:\Users\Kuba\source\repos\Traveler's_Shadow\Traveler's_Shadow\classes\boss.hpp(35,89): warning C4244:         and
C:\Users\Kuba\source\repos\Traveler's_Shadow\Traveler's_Shadow\classes\boss.hpp(35,89): warning C4244:         [
C:\Users\Kuba\source\repos\Traveler's_Shadow\Traveler's_Shadow\classes\boss.hpp(35,89): warning C4244:             T=float
C:\Users\Kuba\source\repos\Traveler's_Shadow\Traveler's_Shadow\classes\boss.hpp(35,89): warning C4244:         ]
  (compiling source file 'main.cpp')
  
C:\Users\Kuba\source\repos\Traveler's_Shadow\Traveler's_Shadow\classes\boss.hpp(67,13): warning C4244: 'argument': conversion from 'time_t' to 'unsigned int', possible loss of data
  (compiling source file 'main.cpp')
  
C:\Users\Kuba\source\repos\Traveler's_Shadow\Traveler's_Shadow\classes\boss.hpp(70,70): warning C4244: 'argument': conversion from 'T' to 'int', possible loss of data
C:\Users\Kuba\source\repos\Traveler's_Shadow\Traveler's_Shadow\classes\boss.hpp(70,70): warning C4244:         with
C:\Users\Kuba\source\repos\Traveler's_Shadow\Traveler's_Shadow\classes\boss.hpp(70,70): warning C4244:         [
C:\Users\Kuba\source\repos\Traveler's_Shadow\Traveler's_Shadow\classes\boss.hpp(70,70): warning C4244:             T=float
C:\Users\Kuba\source\repos\Traveler's_Shadow\Traveler's_Shadow\classes\boss.hpp(70,70): warning C4244:         ]
  (compiling source file 'main.cpp')
  
C:\Users\Kuba\source\repos\Traveler's_Shadow\Traveler's_Shadow\classes\boss.hpp(74,59): warning C4244: 'argument': conversion from 'T' to 'int', possible loss of data
C:\Users\Kuba\source\repos\Traveler's_Shadow\Traveler's_Shadow\classes\boss.hpp(74,59): warning C4244:         with
C:\Users\Kuba\source\repos\Traveler's_Shadow\Traveler's_Shadow\classes\boss.hpp(74,59): warning C4244:         [
C:\Users\Kuba\source\repos\Traveler's_Shadow\Traveler's_Shadow\classes\boss.hpp(74,59): warning C4244:             T=float
C:\Users\Kuba\source\repos\Traveler's_Shadow\Traveler's_Shadow\classes\boss.hpp(74,59): warning C4244:         ]
  (compiling source file 'main.cpp')
  
C:\Users\Kuba\source\repos\Traveler's_Shadow\Traveler's_Shadow\classes\boss.hpp(87,67): warning C4244: 'argument': conversion from 'T' to 'float', possible loss of data
C:\Users\Kuba\source\repos\Traveler's_Shadow\Traveler's_Shadow\classes\boss.hpp(87,67): warning C4244:         with
C:\Users\Kuba\source\repos\Traveler's_Shadow\Traveler's_Shadow\classes\boss.hpp(87,67): warning C4244:         [
C:\Users\Kuba\source\repos\Traveler's_Shadow\Traveler's_Shadow\classes\boss.hpp(87,67): warning C4244:             T=unsigned int
C:\Users\Kuba\source\repos\Traveler's_Shadow\Traveler's_Shadow\classes\boss.hpp(87,67): warning C4244:         ]
  (compiling source file 'main.cpp')
  
C:\Users\Kuba\source\repos\Traveler's_Shadow\Traveler's_Shadow\classes\button.hpp(9,38): warning C4244: 'argument': conversion from 'int' to 'T', possible loss of data
C:\Users\Kuba\source\repos\Traveler's_Shadow\Traveler's_Shadow\classes\button.hpp(9,38): warning C4244:         with
C:\Users\Kuba\source\repos\Traveler's_Shadow\Traveler's_Shadow\classes\button.hpp(9,38): warning C4244:         [
C:\Users\Kuba\source\repos\Traveler's_Shadow\Traveler's_Shadow\classes\button.hpp(9,38): warning C4244:             T=float
C:\Users\Kuba\source\repos\Traveler's_Shadow\Traveler's_Shadow\classes\button.hpp(9,38): warning C4244:         ]
  (compiling source file 'main.cpp')
  
C:\Users\Kuba\source\repos\Traveler's_Shadow\Traveler's_Shadow\classes\button.hpp(9,31): warning C4244: 'argument': conversion from 'int' to 'T', possible loss of data
C:\Users\Kuba\source\repos\Traveler's_Shadow\Traveler's_Shadow\classes\button.hpp(9,31): warning C4244:         with
C:\Users\Kuba\source\repos\Traveler's_Shadow\Traveler's_Shadow\classes\button.hpp(9,31): warning C4244:         [
C:\Users\Kuba\source\repos\Traveler's_Shadow\Traveler's_Shadow\classes\button.hpp(9,31): warning C4244:             T=float
C:\Users\Kuba\source\repos\Traveler's_Shadow\Traveler's_Shadow\classes\button.hpp(9,31): warning C4244:         ]
  (compiling source file 'main.cpp')
  
C:\Users\Kuba\source\repos\Traveler's_Shadow\Traveler's_Shadow\classes\button.hpp(11,26): warning C4244: 'argument': conversion from 'int' to 'float', possible loss of data
  (compiling source file 'main.cpp')
  
C:\Users\Kuba\source\repos\Traveler's_Shadow\Traveler's_Shadow\classes\button.hpp(11,19): warning C4244: 'argument': conversion from 'int' to 'float', possible loss of data
  (compiling source file 'main.cpp')
  
C:\Users\Kuba\source\repos\Traveler's_Shadow\Traveler's_Shadow\classes\rockpaperscissors.hpp(136,13): warning C4244: 'argument': conversion from 'time_t' to 'unsigned int', possible loss of data
  (compiling source file 'main.cpp')
  
C:\Users\Kuba\source\repos\Traveler's_Shadow\Traveler's_Shadow\classes\tictactoe.hpp(49,29): warning C4244: 'argument': conversion from 'double' to 'float', possible loss of data
  (compiling source file 'main.cpp')
  
C:\Users\Kuba\source\repos\Traveler's_Shadow\Traveler's_Shadow\main.cpp(22,24): warning C4244: '=': conversion from 'float' to 'int', possible loss of data
C:\Users\Kuba\source\repos\Traveler's_Shadow\Traveler's_Shadow\main.cpp(23,22): warning C4244: '=': conversion from 'float' to 'int', possible loss of data
C:\Users\Kuba\source\repos\Traveler's_Shadow\Traveler's_Shadow\main.cpp(37,99): warning C4305: 'argument': truncation from 'double' to 'float'
C:\Users\Kuba\source\repos\Traveler's_Shadow\Traveler's_Shadow\main.cpp(38,101): warning C4305: 'argument': truncation from 'double' to 'float'
C:\Users\Kuba\source\repos\Traveler's_Shadow\Traveler's_Shadow\main.cpp(39,113): warning C4305: 'argument': truncation from 'double' to 'float'
C:\Users\Kuba\source\repos\Traveler's_Shadow\Traveler's_Shadow\main.cpp(40,89): warning C4305: 'argument': truncation from 'double' to 'float'
C:\Users\Kuba\source\repos\Traveler's_Shadow\Traveler's_Shadow\main.cpp(53,94): warning C4244: 'argument': conversion from 'T' to 'float', possible loss of data
C:\Users\Kuba\source\repos\Traveler's_Shadow\Traveler's_Shadow\main.cpp(53,94): warning C4244:         with
C:\Users\Kuba\source\repos\Traveler's_Shadow\Traveler's_Shadow\main.cpp(53,94): warning C4244:         [
C:\Users\Kuba\source\repos\Traveler's_Shadow\Traveler's_Shadow\main.cpp(53,94): warning C4244:             T=unsigned int
C:\Users\Kuba\source\repos\Traveler's_Shadow\Traveler's_Shadow\main.cpp(53,94): warning C4244:         ]
C:\Users\Kuba\source\repos\Traveler's_Shadow\Traveler's_Shadow\main.cpp(53,68): warning C4244: 'argument': conversion from 'T' to 'float', possible loss of data
C:\Users\Kuba\source\repos\Traveler's_Shadow\Traveler's_Shadow\main.cpp(53,68): warning C4244:         with
C:\Users\Kuba\source\repos\Traveler's_Shadow\Traveler's_Shadow\main.cpp(53,68): warning C4244:         [
C:\Users\Kuba\source\repos\Traveler's_Shadow\Traveler's_Shadow\main.cpp(53,68): warning C4244:             T=unsigned int
C:\Users\Kuba\source\repos\Traveler's_Shadow\Traveler's_Shadow\main.cpp(53,68): warning C4244:         ]
C:\Users\Kuba\source\repos\Traveler's_Shadow\Traveler's_Shadow\main.cpp(59,94): warning C4244: 'argument': conversion from 'T' to 'int', possible loss of data
C:\Users\Kuba\source\repos\Traveler's_Shadow\Traveler's_Shadow\main.cpp(59,94): warning C4244:         with
C:\Users\Kuba\source\repos\Traveler's_Shadow\Traveler's_Shadow\main.cpp(59,94): warning C4244:         [
C:\Users\Kuba\source\repos\Traveler's_Shadow\Traveler's_Shadow\main.cpp(59,94): warning C4244:             T=float
C:\Users\Kuba\source\repos\Traveler's_Shadow\Traveler's_Shadow\main.cpp(59,94): warning C4244:         ]
C:\Users\Kuba\source\repos\Traveler's_Shadow\Traveler's_Shadow\main.cpp(69,89): warning C4244: 'argument': conversion from 'T' to 'int', possible loss of data
C:\Users\Kuba\source\repos\Traveler's_Shadow\Traveler's_Shadow\main.cpp(69,89): warning C4244:         with
C:\Users\Kuba\source\repos\Traveler's_Shadow\Traveler's_Shadow\main.cpp(69,89): warning C4244:         [
C:\Users\Kuba\source\repos\Traveler's_Shadow\Traveler's_Shadow\main.cpp(69,89): warning C4244:             T=float
C:\Users\Kuba\source\repos\Traveler's_Shadow\Traveler's_Shadow\main.cpp(69,89): warning C4244:         ]
C:\Users\Kuba\source\repos\Traveler's_Shadow\Traveler's_Shadow\main.cpp(81,67): warning C4244: 'argument': conversion from 'T' to 'int', possible loss of data
C:\Users\Kuba\source\repos\Traveler's_Shadow\Traveler's_Shadow\main.cpp(81,67): warning C4244:         with
C:\Users\Kuba\source\repos\Traveler's_Shadow\Traveler's_Shadow\main.cpp(81,67): warning C4244:         [
C:\Users\Kuba\source\repos\Traveler's_Shadow\Traveler's_Shadow\main.cpp(81,67): warning C4244:             T=float
C:\Users\Kuba\source\repos\Traveler's_Shadow\Traveler's_Shadow\main.cpp(81,67): warning C4244:         ]
C:\Users\Kuba\source\repos\Traveler's_Shadow\Traveler's_Shadow\main.cpp(86,68): warning C4244: 'argument': conversion from 'T' to 'float', possible loss of data
C:\Users\Kuba\source\repos\Traveler's_Shadow\Traveler's_Shadow\main.cpp(86,68): warning C4244:         with
C:\Users\Kuba\source\repos\Traveler's_Shadow\Traveler's_Shadow\main.cpp(86,68): warning C4244:         [
C:\Users\Kuba\source\repos\Traveler's_Shadow\Traveler's_Shadow\main.cpp(86,68): warning C4244:             T=unsigned int
C:\Users\Kuba\source\repos\Traveler's_Shadow\Traveler's_Shadow\main.cpp(86,68): warning C4244:         ]
C:\Users\Kuba\source\repos\Traveler's_Shadow\Traveler's_Shadow\main.cpp(87,66): warning C4244: 'argument': conversion from 'T' to 'float', possible loss of data
C:\Users\Kuba\source\repos\Traveler's_Shadow\Traveler's_Shadow\main.cpp(87,66): warning C4244:         with
C:\Users\Kuba\source\repos\Traveler's_Shadow\Traveler's_Shadow\main.cpp(87,66): warning C4244:         [
C:\Users\Kuba\source\repos\Traveler's_Shadow\Traveler's_Shadow\main.cpp(87,66): warning C4244:             T=unsigned int
C:\Users\Kuba\source\repos\Traveler's_Shadow\Traveler's_Shadow\main.cpp(87,66): warning C4244:         ]
C:\Users\Kuba\source\repos\Traveler's_Shadow\Traveler's_Shadow\main.cpp(94,67): warning C4244: 'argument': conversion from 'T' to 'int', possible loss of data
C:\Users\Kuba\source\repos\Traveler's_Shadow\Traveler's_Shadow\main.cpp(94,67): warning C4244:         with
C:\Users\Kuba\source\repos\Traveler's_Shadow\Traveler's_Shadow\main.cpp(94,67): warning C4244:         [
C:\Users\Kuba\source\repos\Traveler's_Shadow\Traveler's_Shadow\main.cpp(94,67): warning C4244:             T=float
C:\Users\Kuba\source\repos\Traveler's_Shadow\Traveler's_Shadow\main.cpp(94,67): warning C4244:         ]
C:\Users\Kuba\source\repos\Traveler's_Shadow\Traveler's_Shadow\main.cpp(96,89): warning C4244: 'argument': conversion from 'T' to 'int', possible loss of data
C:\Users\Kuba\source\repos\Traveler's_Shadow\Traveler's_Shadow\main.cpp(96,89): warning C4244:         with
C:\Users\Kuba\source\repos\Traveler's_Shadow\Traveler's_Shadow\main.cpp(96,89): warning C4244:         [
C:\Users\Kuba\source\repos\Traveler's_Shadow\Traveler's_Shadow\main.cpp(96,89): warning C4244:             T=float
C:\Users\Kuba\source\repos\Traveler's_Shadow\Traveler's_Shadow\main.cpp(96,89): warning C4244:         ]
  boss.cpp
C:\Users\Kuba\source\repos\Traveler's_Shadow\Traveler's_Shadow\classes\math.hpp(12,29): warning C4244: 'argument': conversion from 'float' to 'int', possible loss of data
  (compiling source file 'source/boss.cpp')
  
C:\Users\Kuba\source\repos\Traveler's_Shadow\Traveler's_Shadow\classes\math.hpp(12,45): warning C4244: 'argument': conversion from 'float' to 'int', possible loss of data
  (compiling source file 'source/boss.cpp')
  
C:\Users\Kuba\source\repos\Traveler's_Shadow\Traveler's_Shadow\classes\math.hpp(17,12): warning C4244: 'return': conversion from 'int' to 'float', possible loss of data
  (compiling source file 'source/boss.cpp')
  
C:\Users\Kuba\source\repos\Traveler's_Shadow\Traveler's_Shadow\classes\input.hpp(12,11): warning C4552: '-': result of expression not used
  (compiling source file 'source/boss.cpp')
  
C:\Users\Kuba\source\repos\Traveler's_Shadow\Traveler's_Shadow\classes\input.hpp(65,12): warning C4305: 'return': truncation from 'double' to 'float'
  (compiling source file 'source/boss.cpp')
  
C:\Users\Kuba\source\repos\Traveler's_Shadow\Traveler's_Shadow\classes\animation.hpp(30,17): warning C4244: 'initializing': conversion from 'int' to 'float', possible loss of data
  (compiling source file 'source/boss.cpp')
  
C:\Users\Kuba\source\repos\Traveler's_Shadow\Traveler's_Shadow\classes\animation.hpp(33,50): warning C4244: 'argument': conversion from 'float' to 'T', possible loss of data
C:\Users\Kuba\source\repos\Traveler's_Shadow\Traveler's_Shadow\classes\animation.hpp(33,50): warning C4244:         with
C:\Users\Kuba\source\repos\Traveler's_Shadow\Traveler's_Shadow\classes\animation.hpp(33,50): warning C4244:         [
C:\Users\Kuba\source\repos\Traveler's_Shadow\Traveler's_Shadow\classes\animation.hpp(33,50): warning C4244:             T=int
C:\Users\Kuba\source\repos\Traveler's_Shadow\Traveler's_Shadow\classes\animation.hpp(33,50): warning C4244:         ]
  (compiling source file 'source/boss.cpp')
  
C:\Users\Kuba\source\repos\Traveler's_Shadow\Traveler's_Shadow\classes\healthbars.hpp(6,50): warning C4244: 'argument': conversion from 'int' to 'T', possible loss of data
C:\Users\Kuba\source\repos\Traveler's_Shadow\Traveler's_Shadow\classes\healthbars.hpp(6,50): warning C4244:         with
C:\Users\Kuba\source\repos\Traveler's_Shadow\Traveler's_Shadow\classes\healthbars.hpp(6,50): warning C4244:         [
C:\Users\Kuba\source\repos\Traveler's_Shadow\Traveler's_Shadow\classes\healthbars.hpp(6,50): warning C4244:             T=float
C:\Users\Kuba\source\repos\Traveler's_Shadow\Traveler's_Shadow\classes\healthbars.hpp(6,50): warning C4244:         ]
  (compiling source file 'source/boss.cpp')
  
C:\Users\Kuba\source\repos\Traveler's_Shadow\Traveler's_Shadow\classes\healthbars.hpp(6,34): warning C4244: 'argument': conversion from 'int' to 'T', possible loss of data
C:\Users\Kuba\source\repos\Traveler's_Shadow\Traveler's_Shadow\classes\healthbars.hpp(6,34): warning C4244:         with
C:\Users\Kuba\source\repos\Traveler's_Shadow\Traveler's_Shadow\classes\healthbars.hpp(6,34): warning C4244:         [
C:\Users\Kuba\source\repos\Traveler's_Shadow\Traveler's_Shadow\classes\healthbars.hpp(6,34): warning C4244:             T=float
C:\Users\Kuba\source\repos\Traveler's_Shadow\Traveler's_Shadow\classes\healthbars.hpp(6,34): warning C4244:         ]
  (compiling source file 'source/boss.cpp')
  
C:\Users\Kuba\source\repos\Traveler's_Shadow\Traveler's_Shadow\classes\healthbars.hpp(7,60): warning C4244: 'argument': conversion from 'int' to 'T', possible loss of data
C:\Users\Kuba\source\repos\Traveler's_Shadow\Traveler's_Shadow\classes\healthbars.hpp(7,60): warning C4244:         with
C:\Users\Kuba\source\repos\Traveler's_Shadow\Traveler's_Shadow\classes\healthbars.hpp(7,60): warning C4244:         [
C:\Users\Kuba\source\repos\Traveler's_Shadow\Traveler's_Shadow\classes\healthbars.hpp(7,60): warning C4244:             T=float
C:\Users\Kuba\source\repos\Traveler's_Shadow\Traveler's_Shadow\classes\healthbars.hpp(7,60): warning C4244:         ]
  (compiling source file 'source/boss.cpp')
  
C:\Users\Kuba\source\repos\Traveler's_Shadow\Traveler's_Shadow\classes\healthbars.hpp(7,44): warning C4244: 'argument': conversion from 'int' to 'T', possible loss of data
C:\Users\Kuba\source\repos\Traveler's_Shadow\Traveler's_Shadow\classes\healthbars.hpp(7,44): warning C4244:         with
C:\Users\Kuba\source\repos\Traveler's_Shadow\Traveler's_Shadow\classes\healthbars.hpp(7,44): warning C4244:         [
C:\Users\Kuba\source\repos\Traveler's_Shadow\Traveler's_Shadow\classes\healthbars.hpp(7,44): warning C4244:             T=float
C:\Users\Kuba\source\repos\Traveler's_Shadow\Traveler's_Shadow\classes\healthbars.hpp(7,44): warning C4244:         ]
  (compiling source file 'source/boss.cpp')
  
C:\Users\Kuba\source\repos\Traveler's_Shadow\Traveler's_Shadow\classes\entity.hpp(31,24): warning C4305: 'initializing': truncation from 'double' to 'const float'
  (compiling source file 'source/boss.cpp')
  
C:\Users\Kuba\source\repos\Traveler's_Shadow\Traveler's_Shadow\classes\boss.hpp(7,151): warning C4244: 'argument': conversion from 'const int' to 'float', possible loss of data
  (compiling source file 'source/boss.cpp')
  
C:\Users\Kuba\source\repos\Traveler's_Shadow\Traveler's_Shadow\classes\boss.hpp(28,30): warning C4244: 'initializing': conversion from 'T' to 'float', possible loss of data
C:\Users\Kuba\source\repos\Traveler's_Shadow\Traveler's_Shadow\classes\boss.hpp(28,30): warning C4244:         with
C:\Users\Kuba\source\repos\Traveler's_Shadow\Traveler's_Shadow\classes\boss.hpp(28,30): warning C4244:         [
C:\Users\Kuba\source\repos\Traveler's_Shadow\Traveler's_Shadow\classes\boss.hpp(28,30): warning C4244:             T=unsigned int
C:\Users\Kuba\source\repos\Traveler's_Shadow\Traveler's_Shadow\classes\boss.hpp(28,30): warning C4244:         ]
  (compiling source file 'source/boss.cpp')
  
C:\Users\Kuba\source\repos\Traveler's_Shadow\Traveler's_Shadow\classes\boss.hpp(30,51): warning C4244: 'argument': conversion from 'int' to 'T', possible loss of data
C:\Users\Kuba\source\repos\Traveler's_Shadow\Traveler's_Shadow\classes\boss.hpp(30,51): warning C4244:         with
C:\Users\Kuba\source\repos\Traveler's_Shadow\Traveler's_Shadow\classes\boss.hpp(30,51): warning C4244:         [
C:\Users\Kuba\source\repos\Traveler's_Shadow\Traveler's_Shadow\classes\boss.hpp(30,51): warning C4244:             T=float
C:\Users\Kuba\source\repos\Traveler's_Shadow\Traveler's_Shadow\classes\boss.hpp(30,51): warning C4244:         ]
  (compiling source file 'source/boss.cpp')
  
C:\Users\Kuba\source\repos\Traveler's_Shadow\Traveler's_Shadow\classes\boss.hpp(30,46): warning C4244: 'argument': conversion from 'int' to 'T', possible loss of data
C:\Users\Kuba\source\repos\Traveler's_Shadow\Traveler's_Shadow\classes\boss.hpp(30,46): warning C4244:         with
C:\Users\Kuba\source\repos\Traveler's_Shadow\Traveler's_Shadow\classes\boss.hpp(30,46): warning C4244:         [
C:\Users\Kuba\source\repos\Traveler's_Shadow\Traveler's_Shadow\classes\boss.hpp(30,46): warning C4244:             T=float
C:\Users\Kuba\source\repos\Traveler's_Shadow\Traveler's_Shadow\classes\boss.hpp(30,46): warning C4244:         ]
  (compiling source file 'source/boss.cpp')
  
C:\Users\Kuba\source\repos\Traveler's_Shadow\Traveler's_Shadow\classes\boss.hpp(31,64): warning C4244: 'argument': conversion from 'int' to 'T', possible loss of data
C:\Users\Kuba\source\repos\Traveler's_Shadow\Traveler's_Shadow\classes\boss.hpp(31,64): warning C4244:         with
C:\Users\Kuba\source\repos\Traveler's_Shadow\Traveler's_Shadow\classes\boss.hpp(31,64): warning C4244:         [
C:\Users\Kuba\source\repos\Traveler's_Shadow\Traveler's_Shadow\classes\boss.hpp(31,64): warning C4244:             T=float
C:\Users\Kuba\source\repos\Traveler's_Shadow\Traveler's_Shadow\classes\boss.hpp(31,64): warning C4244:         ]
  (compiling source file 'source/boss.cpp')
  
C:\Users\Kuba\source\repos\Traveler's_Shadow\Traveler's_Shadow\classes\boss.hpp(31,59): warning C4244: 'argument': conversion from 'int' to 'T', possible loss of data
C:\Users\Kuba\source\repos\Traveler's_Shadow\Traveler's_Shadow\classes\boss.hpp(31,59): warning C4244:         with
C:\Users\Kuba\source\repos\Traveler's_Shadow\Traveler's_Shadow\classes\boss.hpp(31,59): warning C4244:         [
C:\Users\Kuba\source\repos\Traveler's_Shadow\Traveler's_Shadow\classes\boss.hpp(31,59): warning C4244:             T=float
C:\Users\Kuba\source\repos\Traveler's_Shadow\Traveler's_Shadow\classes\boss.hpp(31,59): warning C4244:         ]
  (compiling source file 'source/boss.cpp')
  
C:\Users\Kuba\source\repos\Traveler's_Shadow\Traveler's_Shadow\classes\boss.hpp(34,99): warning C4244: 'argument': conversion from 'T' to 'T', possible loss of data
C:\Users\Kuba\source\repos\Traveler's_Shadow\Traveler's_Shadow\classes\boss.hpp(34,99): warning C4244:         with
C:\Users\Kuba\source\repos\Traveler's_Shadow\Traveler's_Shadow\classes\boss.hpp(34,99): warning C4244:         [
C:\Users\Kuba\source\repos\Traveler's_Shadow\Traveler's_Shadow\classes\boss.hpp(34,99): warning C4244:             T=unsigned int
C:\Users\Kuba\source\repos\Traveler's_Shadow\Traveler's_Shadow\classes\boss.hpp(34,99): warning C4244:         ]
C:\Users\Kuba\source\repos\Traveler's_Shadow\Traveler's_Shadow\classes\boss.hpp(34,99): warning C4244:         and
C:\Users\Kuba\source\repos\Traveler's_Shadow\Traveler's_Shadow\classes\boss.hpp(34,99): warning C4244:         [
C:\Users\Kuba\source\repos\Traveler's_Shadow\Traveler's_Shadow\classes\boss.hpp(34,99): warning C4244:             T=float
C:\Users\Kuba\source\repos\Traveler's_Shadow\Traveler's_Shadow\classes\boss.hpp(34,99): warning C4244:         ]
  (compiling source file 'source/boss.cpp')
  
C:\Users\Kuba\source\repos\Traveler's_Shadow\Traveler's_Shadow\classes\boss.hpp(35,89): warning C4244: 'argument': conversion from 'T' to 'T', possible loss of data
C:\Users\Kuba\source\repos\Traveler's_Shadow\Traveler's_Shadow\classes\boss.hpp(35,89): warning C4244:         with
C:\Users\Kuba\source\repos\Traveler's_Shadow\Traveler's_Shadow\classes\boss.hpp(35,89): warning C4244:         [
C:\Users\Kuba\source\repos\Traveler's_Shadow\Traveler's_Shadow\classes\boss.hpp(35,89): warning C4244:             T=unsigned int
C:\Users\Kuba\source\repos\Traveler's_Shadow\Traveler's_Shadow\classes\boss.hpp(35,89): warning C4244:         ]
C:\Users\Kuba\source\repos\Traveler's_Shadow\Traveler's_Shadow\classes\boss.hpp(35,89): warning C4244:         and
C:\Users\Kuba\source\repos\Traveler's_Shadow\Traveler's_Shadow\classes\boss.hpp(35,89): warning C4244:         [
C:\Users\Kuba\source\repos\Traveler's_Shadow\Traveler's_Shadow\classes\boss.hpp(35,89): warning C4244:             T=float
C:\Users\Kuba\source\repos\Traveler's_Shadow\Traveler's_Shadow\classes\boss.hpp(35,89): warning C4244:         ]
  (compiling source file 'source/boss.cpp')
  
C:\Users\Kuba\source\repos\Traveler's_Shadow\Traveler's_Shadow\classes\boss.hpp(67,13): warning C4244: 'argument': conversion from 'time_t' to 'unsigned int', possible loss of data
  (compiling source file 'source/boss.cpp')
  
C:\Users\Kuba\source\repos\Traveler's_Shadow\Traveler's_Shadow\classes\boss.hpp(70,70): warning C4244: 'argument': conversion from 'T' to 'int', possible loss of data
C:\Users\Kuba\source\repos\Traveler's_Shadow\Traveler's_Shadow\classes\boss.hpp(70,70): warning C4244:         with
C:\Users\Kuba\source\repos\Traveler's_Shadow\Traveler's_Shadow\classes\boss.hpp(70,70): warning C4244:         [
C:\Users\Kuba\source\repos\Traveler's_Shadow\Traveler's_Shadow\classes\boss.hpp(70,70): warning C4244:             T=float
C:\Users\Kuba\source\repos\Traveler's_Shadow\Traveler's_Shadow\classes\boss.hpp(70,70): warning C4244:         ]
  (compiling source file 'source/boss.cpp')
  
C:\Users\Kuba\source\repos\Traveler's_Shadow\Traveler's_Shadow\classes\boss.hpp(74,59): warning C4244: 'argument': conversion from 'T' to 'int', possible loss of data
C:\Users\Kuba\source\repos\Traveler's_Shadow\Traveler's_Shadow\classes\boss.hpp(74,59): warning C4244:         with
C:\Users\Kuba\source\repos\Traveler's_Shadow\Traveler's_Shadow\classes\boss.hpp(74,59): warning C4244:         [
C:\Users\Kuba\source\repos\Traveler's_Shadow\Traveler's_Shadow\classes\boss.hpp(74,59): warning C4244:             T=float
C:\Users\Kuba\source\repos\Traveler's_Shadow\Traveler's_Shadow\classes\boss.hpp(74,59): warning C4244:         ]
  (compiling source file 'source/boss.cpp')
  
C:\Users\Kuba\source\repos\Traveler's_Shadow\Traveler's_Shadow\classes\boss.hpp(87,67): warning C4244: 'argument': conversion from 'T' to 'float', possible loss of data
C:\Users\Kuba\source\repos\Traveler's_Shadow\Traveler's_Shadow\classes\boss.hpp(87,67): warning C4244:         with
C:\Users\Kuba\source\repos\Traveler's_Shadow\Traveler's_Shadow\classes\boss.hpp(87,67): warning C4244:         [
C:\Users\Kuba\source\repos\Traveler's_Shadow\Traveler's_Shadow\classes\boss.hpp(87,67): warning C4244:             T=unsigned int
C:\Users\Kuba\source\repos\Traveler's_Shadow\Traveler's_Shadow\classes\boss.hpp(87,67): warning C4244:         ]
  (compiling source file 'source/boss.cpp')
  
C:\Users\Kuba\source\repos\Traveler's_Shadow\Traveler's_Shadow\source\boss.cpp(12,23): warning C4244: 'argument': conversion from 'int' to 'float', possible loss of data
  player.cpp
C:\Users\Kuba\source\repos\Traveler's_Shadow\Traveler's_Shadow\classes\math.hpp(12,29): warning C4244: 'argument': conversion from 'float' to 'int', possible loss of data
  (compiling source file 'source/player.cpp')
  
C:\Users\Kuba\source\repos\Traveler's_Shadow\Traveler's_Shadow\classes\math.hpp(12,45): warning C4244: 'argument': conversion from 'float' to 'int', possible loss of data
  (compiling source file 'source/player.cpp')
  
C:\Users\Kuba\source\repos\Traveler's_Shadow\Traveler's_Shadow\classes\math.hpp(17,12): warning C4244: 'return': conversion from 'int' to 'float', possible loss of data
  (compiling source file 'source/player.cpp')
  
C:\Users\Kuba\source\repos\Traveler's_Shadow\Traveler's_Shadow\classes\input.hpp(12,11): warning C4552: '-': result of expression not used
  (compiling source file 'source/player.cpp')
  
C:\Users\Kuba\source\repos\Traveler's_Shadow\Traveler's_Shadow\classes\input.hpp(65,12): warning C4305: 'return': truncation from 'double' to 'float'
  (compiling source file 'source/player.cpp')
  
C:\Users\Kuba\source\repos\Traveler's_Shadow\Traveler's_Shadow\classes\animation.hpp(30,17): warning C4244: 'initializing': conversion from 'int' to 'float', possible loss of data
  (compiling source file 'source/player.cpp')
  
C:\Users\Kuba\source\repos\Traveler's_Shadow\Traveler's_Shadow\classes\animation.hpp(33,50): warning C4244: 'argument': conversion from 'float' to 'T', possible loss of data
C:\Users\Kuba\source\repos\Traveler's_Shadow\Traveler's_Shadow\classes\animation.hpp(33,50): warning C4244:         with
C:\Users\Kuba\source\repos\Traveler's_Shadow\Traveler's_Shadow\classes\animation.hpp(33,50): warning C4244:         [
C:\Users\Kuba\source\repos\Traveler's_Shadow\Traveler's_Shadow\classes\animation.hpp(33,50): warning C4244:             T=int
C:\Users\Kuba\source\repos\Traveler's_Shadow\Traveler's_Shadow\classes\animation.hpp(33,50): warning C4244:         ]
  (compiling source file 'source/player.cpp')
  
C:\Users\Kuba\source\repos\Traveler's_Shadow\Traveler's_Shadow\classes\healthbars.hpp(6,50): warning C4244: 'argument': conversion from 'int' to 'T', possible loss of data
C:\Users\Kuba\source\repos\Traveler's_Shadow\Traveler's_Shadow\classes\healthbars.hpp(6,50): warning C4244:         with
C:\Users\Kuba\source\repos\Traveler's_Shadow\Traveler's_Shadow\classes\healthbars.hpp(6,50): warning C4244:         [
C:\Users\Kuba\source\repos\Traveler's_Shadow\Traveler's_Shadow\classes\healthbars.hpp(6,50): warning C4244:             T=float
C:\Users\Kuba\source\repos\Traveler's_Shadow\Traveler's_Shadow\classes\healthbars.hpp(6,50): warning C4244:         ]
  (compiling source file 'source/player.cpp')
  
C:\Users\Kuba\source\repos\Traveler's_Shadow\Traveler's_Shadow\classes\healthbars.hpp(6,34): warning C4244: 'argument': conversion from 'int' to 'T', possible loss of data
C:\Users\Kuba\source\repos\Traveler's_Shadow\Traveler's_Shadow\classes\healthbars.hpp(6,34): warning C4244:         with
C:\Users\Kuba\source\repos\Traveler's_Shadow\Traveler's_Shadow\classes\healthbars.hpp(6,34): warning C4244:         [
C:\Users\Kuba\source\repos\Traveler's_Shadow\Traveler's_Shadow\classes\healthbars.hpp(6,34): warning C4244:             T=float
C:\Users\Kuba\source\repos\Traveler's_Shadow\Traveler's_Shadow\classes\healthbars.hpp(6,34): warning C4244:         ]
  (compiling source file 'source/player.cpp')
  
C:\Users\Kuba\source\repos\Traveler's_Shadow\Traveler's_Shadow\classes\healthbars.hpp(7,60): warning C4244: 'argument': conversion from 'int' to 'T', possible loss of data
C:\Users\Kuba\source\repos\Traveler's_Shadow\Traveler's_Shadow\classes\healthbars.hpp(7,60): warning C4244:         with
C:\Users\Kuba\source\repos\Traveler's_Shadow\Traveler's_Shadow\classes\healthbars.hpp(7,60): warning C4244:         [
C:\Users\Kuba\source\repos\Traveler's_Shadow\Traveler's_Shadow\classes\healthbars.hpp(7,60): warning C4244:             T=float
C:\Users\Kuba\source\repos\Traveler's_Shadow\Traveler's_Shadow\classes\healthbars.hpp(7,60): warning C4244:         ]
  (compiling source file 'source/player.cpp')
  
C:\Users\Kuba\source\repos\Traveler's_Shadow\Traveler's_Shadow\classes\healthbars.hpp(7,44): warning C4244: 'argument': conversion from 'int' to 'T', possible loss of data
C:\Users\Kuba\source\repos\Traveler's_Shadow\Traveler's_Shadow\classes\healthbars.hpp(7,44): warning C4244:         with
C:\Users\Kuba\source\repos\Traveler's_Shadow\Traveler's_Shadow\classes\healthbars.hpp(7,44): warning C4244:         [
C:\Users\Kuba\source\repos\Traveler's_Shadow\Traveler's_Shadow\classes\healthbars.hpp(7,44): warning C4244:             T=float
C:\Users\Kuba\source\repos\Traveler's_Shadow\Traveler's_Shadow\classes\healthbars.hpp(7,44): warning C4244:         ]
  (compiling source file 'source/player.cpp')
  
C:\Users\Kuba\source\repos\Traveler's_Shadow\Traveler's_Shadow\classes\entity.hpp(31,24): warning C4305: 'initializing': truncation from 'double' to 'const float'
  (compiling source file 'source/player.cpp')
  
C:\Users\Kuba\source\repos\Traveler's_Shadow\Traveler's_Shadow\classes\player.hpp(4,178): warning C4244: 'argument': conversion from 'const int' to 'float', possible loss of data
  (compiling source file 'source/player.cpp')
  
C:\Users\Kuba\source\repos\Traveler's_Shadow\Traveler's_Shadow\source\player.cpp(21,61): warning C4244: 'argument': conversion from 'T' to 'int', possible loss of data
C:\Users\Kuba\source\repos\Traveler's_Shadow\Traveler's_Shadow\source\player.cpp(21,61): warning C4244:         with
C:\Users\Kuba\source\repos\Traveler's_Shadow\Traveler's_Shadow\source\player.cpp(21,61): warning C4244:         [
C:\Users\Kuba\source\repos\Traveler's_Shadow\Traveler's_Shadow\source\player.cpp(21,61): warning C4244:             T=float
C:\Users\Kuba\source\repos\Traveler's_Shadow\Traveler's_Shadow\source\player.cpp(21,61): warning C4244:         ]
C:\Users\Kuba\source\repos\Traveler's_Shadow\Traveler's_Shadow\source\player.cpp(91,63): warning C4244: 'argument': conversion from 'int' to 'float', possible loss of data
C:\Users\Kuba\source\repos\Traveler's_Shadow\Traveler's_Shadow\source\player.cpp(92,33): warning C4244: 'argument': conversion from 'int' to 'float', possible loss of data
  tictactoe.cpp
C:\Users\Kuba\source\repos\Traveler's_Shadow\Traveler's_Shadow\classes\tictactoe.hpp(49,29): warning C4244: 'argument': conversion from 'double' to 'float', possible loss of data
  (compiling source file 'source/tictactoe.cpp')
  
C:\Users\Kuba\source\repos\Traveler's_Shadow\Traveler's_Shadow\source\tictactoe.cpp(38,12): warning C4244: 'argument': conversion from 'time_t' to 'unsigned int', possible loss of data
LINK : fatal error LNK1181: cannot open input file 'gdi32.obj'
