  main.cpp
C:\Users\Kuba\source\repos\Traveler's_Shadow\Traveler's_Shadow\classes\math.hpp(12,29): warning C4244: 'argument': conversion from 'float' to 'int', possible loss of data
  (compiling source file 'main.cpp')
  
C:\Users\Kuba\source\repos\Traveler's_Shadow\Traveler's_Shadow\classes\math.hpp(12,45): warning C4244: 'argument': conversion from 'float' to 'int', possible loss of data
  (compiling source file 'main.cpp')
  
C:\Users\Kuba\source\repos\Traveler's_Shadow\Traveler's_Shadow\classes\math.hpp(17,12): warning C4244: 'return': conversion from 'int' to 'float', possible loss of data
  (compiling source file 'main.cpp')
  
C:\Users\Kuba\source\repos\Traveler's_Shadow\Traveler's_Shadow\classes\input.hpp(12,11): warning C4552: '-': result of expression not used
  (compiling source file 'main.cpp')
  
C:\Users\Kuba\source\repos\Traveler's_Shadow\Traveler's_Shadow\classes\input.hpp(65,12): warning C4305: 'return': truncation from 'double' to 'float'
  (compiling source file 'main.cpp')
  
C:\Users\Kuba\source\repos\Traveler's_Shadow\Traveler's_Shadow\classes\healthbars.hpp(6,50): warning C4244: 'argument': conversion from 'int' to 'T', possible loss of data
C:\Users\Kuba\source\repos\Traveler's_Shadow\Traveler's_Shadow\classes\healthbars.hpp(6,50): warning C4244:         with
C:\Users\Kuba\source\repos\Traveler's_Shadow\Traveler's_Shadow\classes\healthbars.hpp(6,50): warning C4244:         [
C:\Users\Kuba\source\repos\Traveler's_Shadow\Traveler's_Shadow\classes\healthbars.hpp(6,50): warning C4244:             T=float
C:\Users\Kuba\source\repos\Traveler's_Shadow\Traveler's_Shadow\classes\healthbars.hpp(6,50): warning C4244:         ]
  (compiling source file 'main.cpp')
  
C:\Users\Kuba\source\repos\Traveler's_Shadow\Traveler's_Shadow\classes\healthbars.hpp(6,34): warning C4244: 'argument': conversion from 'int' to 'T', possible loss of data
C:\Users\Kuba\source\repos\Traveler's_Shadow\Traveler's_Shadow\classes\healthbars.hpp(6,34): warning C4244:         with
C:\Users\Kuba\source\repos\Traveler's_Shadow\Traveler's_Shadow\classes\healthbars.hpp(6,34): warning C4244:         [
C:\Users\Kuba\source\repos\Traveler's_Shadow\Traveler's_Shadow\classes\healthbars.hpp(6,34): warning C4244:             T=float
C:\Users\Kuba\source\repos\Traveler's_Shadow\Traveler's_Shadow\classes\healthbars.hpp(6,34): warning C4244:         ]
  (compiling source file 'main.cpp')
  
C:\Users\Kuba\source\repos\Traveler's_Shadow\Traveler's_Shadow\classes\healthbars.hpp(7,60): warning C4244: 'argument': conversion from 'int' to 'T', possible loss of data
C:\Users\Kuba\source\repos\Traveler's_Shadow\Traveler's_Shadow\classes\healthbars.hpp(7,60): warning C4244:         with
C:\Users\Kuba\source\repos\Traveler's_Shadow\Traveler's_Shadow\classes\healthbars.hpp(7,60): warning C4244:         [
C:\Users\Kuba\source\repos\Traveler's_Shadow\Traveler's_Shadow\classes\healthbars.hpp(7,60): warning C4244:             T=float
C:\Users\Kuba\source\repos\Traveler's_Shadow\Traveler's_Shadow\classes\healthbars.hpp(7,60): warning C4244:         ]
  (compiling source file 'main.cpp')
  
C:\Users\Kuba\source\repos\Traveler's_Shadow\Traveler's_Shadow\classes\healthbars.hpp(7,44): warning C4244: 'argument': conversion from 'int' to 'T', possible loss of data
C:\Users\Kuba\source\repos\Traveler's_Shadow\Traveler's_Shadow\classes\healthbars.hpp(7,44): warning C4244:         with
C:\Users\Kuba\source\repos\Traveler's_Shadow\Traveler's_Shadow\classes\healthbars.hpp(7,44): warning C4244:         [
C:\Users\Kuba\source\repos\Traveler's_Shadow\Traveler's_Shadow\classes\healthbars.hpp(7,44): warning C4244:             T=float
C:\Users\Kuba\source\repos\Traveler's_Shadow\Traveler's_Shadow\classes\healthbars.hpp(7,44): warning C4244:         ]
  (compiling source file 'main.cpp')
  
C:\Users\Kuba\source\repos\Traveler's_Shadow\Traveler's_Shadow\classes\entity.hpp(17,24): warning C4305: 'initializing': truncation from 'double' to 'const float'
  (compiling source file 'main.cpp')
  
C:\Users\Kuba\source\repos\Traveler's_Shadow\Traveler's_Shadow\classes\player.hpp(4,153): warning C4244: 'argument': conversion from 'const int' to 'float', possible loss of data
  (compiling source file 'main.cpp')
  
C:\Users\Kuba\source\repos\Traveler's_Shadow\Traveler's_Shadow\classes\boss.hpp(4,151): warning C4244: 'argument': conversion from 'const int' to 'float', possible loss of data
  (compiling source file 'main.cpp')
  
C:\Users\Kuba\source\repos\Traveler's_Shadow\Traveler's_Shadow\classes\boss.hpp(21,30): warning C4244: 'initializing': conversion from 'T' to 'float', possible loss of data
C:\Users\Kuba\source\repos\Traveler's_Shadow\Traveler's_Shadow\classes\boss.hpp(21,30): warning C4244:         with
C:\Users\Kuba\source\repos\Traveler's_Shadow\Traveler's_Shadow\classes\boss.hpp(21,30): warning C4244:         [
C:\Users\Kuba\source\repos\Traveler's_Shadow\Traveler's_Shadow\classes\boss.hpp(21,30): warning C4244:             T=unsigned int
C:\Users\Kuba\source\repos\Traveler's_Shadow\Traveler's_Shadow\classes\boss.hpp(21,30): warning C4244:         ]
  (compiling source file 'main.cpp')
  
C:\Users\Kuba\source\repos\Traveler's_Shadow\Traveler's_Shadow\classes\boss.hpp(24,99): warning C4244: 'argument': conversion from 'T' to 'T', possible loss of data
C:\Users\Kuba\source\repos\Traveler's_Shadow\Traveler's_Shadow\classes\boss.hpp(24,99): warning C4244:         with
C:\Users\Kuba\source\repos\Traveler's_Shadow\Traveler's_Shadow\classes\boss.hpp(24,99): warning C4244:         [
C:\Users\Kuba\source\repos\Traveler's_Shadow\Traveler's_Shadow\classes\boss.hpp(24,99): warning C4244:             T=unsigned int
C:\Users\Kuba\source\repos\Traveler's_Shadow\Traveler's_Shadow\classes\boss.hpp(24,99): warning C4244:         ]
C:\Users\Kuba\source\repos\Traveler's_Shadow\Traveler's_Shadow\classes\boss.hpp(24,99): warning C4244:         and
C:\Users\Kuba\source\repos\Traveler's_Shadow\Traveler's_Shadow\classes\boss.hpp(24,99): warning C4244:         [
C:\Users\Kuba\source\repos\Traveler's_Shadow\Traveler's_Shadow\classes\boss.hpp(24,99): warning C4244:             T=float
C:\Users\Kuba\source\repos\Traveler's_Shadow\Traveler's_Shadow\classes\boss.hpp(24,99): warning C4244:         ]
  (compiling source file 'main.cpp')
  
C:\Users\Kuba\source\repos\Traveler's_Shadow\Traveler's_Shadow\classes\boss.hpp(25,89): warning C4244: 'argument': conversion from 'T' to 'T', possible loss of data
C:\Users\Kuba\source\repos\Traveler's_Shadow\Traveler's_Shadow\classes\boss.hpp(25,89): warning C4244:         with
C:\Users\Kuba\source\repos\Traveler's_Shadow\Traveler's_Shadow\classes\boss.hpp(25,89): warning C4244:         [
C:\Users\Kuba\source\repos\Traveler's_Shadow\Traveler's_Shadow\classes\boss.hpp(25,89): warning C4244:             T=unsigned int
C:\Users\Kuba\source\repos\Traveler's_Shadow\Traveler's_Shadow\classes\boss.hpp(25,89): warning C4244:         ]
C:\Users\Kuba\source\repos\Traveler's_Shadow\Traveler's_Shadow\classes\boss.hpp(25,89): warning C4244:         and
C:\Users\Kuba\source\repos\Traveler's_Shadow\Traveler's_Shadow\classes\boss.hpp(25,89): warning C4244:         [
C:\Users\Kuba\source\repos\Traveler's_Shadow\Traveler's_Shadow\classes\boss.hpp(25,89): warning C4244:             T=float
C:\Users\Kuba\source\repos\Traveler's_Shadow\Traveler's_Shadow\classes\boss.hpp(25,89): warning C4244:         ]
  (compiling source file 'main.cpp')
  
C:\Users\Kuba\source\repos\Traveler's_Shadow\Traveler's_Shadow\classes\boss.hpp(35,47): warning C4244: 'argument': conversion from 'int' to 'T', possible loss of data
C:\Users\Kuba\source\repos\Traveler's_Shadow\Traveler's_Shadow\classes\boss.hpp(35,47): warning C4244:         with
C:\Users\Kuba\source\repos\Traveler's_Shadow\Traveler's_Shadow\classes\boss.hpp(35,47): warning C4244:         [
C:\Users\Kuba\source\repos\Traveler's_Shadow\Traveler's_Shadow\classes\boss.hpp(35,47): warning C4244:             T=float
C:\Users\Kuba\source\repos\Traveler's_Shadow\Traveler's_Shadow\classes\boss.hpp(35,47): warning C4244:         ]
  (compiling source file 'main.cpp')
  
C:\Users\Kuba\source\repos\Traveler's_Shadow\Traveler's_Shadow\classes\boss.hpp(35,39): warning C4244: 'argument': conversion from 'int' to 'T', possible loss of data
C:\Users\Kuba\source\repos\Traveler's_Shadow\Traveler's_Shadow\classes\boss.hpp(35,39): warning C4244:         with
C:\Users\Kuba\source\repos\Traveler's_Shadow\Traveler's_Shadow\classes\boss.hpp(35,39): warning C4244:         [
C:\Users\Kuba\source\repos\Traveler's_Shadow\Traveler's_Shadow\classes\boss.hpp(35,39): warning C4244:             T=float
C:\Users\Kuba\source\repos\Traveler's_Shadow\Traveler's_Shadow\classes\boss.hpp(35,39): warning C4244:         ]
  (compiling source file 'main.cpp')
  
C:\Users\Kuba\source\repos\Traveler's_Shadow\Traveler's_Shadow\classes\boss.hpp(36,60): warning C4244: 'argument': conversion from 'int' to 'T', possible loss of data
C:\Users\Kuba\source\repos\Traveler's_Shadow\Traveler's_Shadow\classes\boss.hpp(36,60): warning C4244:         with
C:\Users\Kuba\source\repos\Traveler's_Shadow\Traveler's_Shadow\classes\boss.hpp(36,60): warning C4244:         [
C:\Users\Kuba\source\repos\Traveler's_Shadow\Traveler's_Shadow\classes\boss.hpp(36,60): warning C4244:             T=float
C:\Users\Kuba\source\repos\Traveler's_Shadow\Traveler's_Shadow\classes\boss.hpp(36,60): warning C4244:         ]
  (compiling source file 'main.cpp')
  
C:\Users\Kuba\source\repos\Traveler's_Shadow\Traveler's_Shadow\classes\boss.hpp(36,49): warning C4244: 'argument': conversion from 'const int' to 'T', possible loss of data
C:\Users\Kuba\source\repos\Traveler's_Shadow\Traveler's_Shadow\classes\boss.hpp(36,49): warning C4244:         with
C:\Users\Kuba\source\repos\Traveler's_Shadow\Traveler's_Shadow\classes\boss.hpp(36,49): warning C4244:         [
C:\Users\Kuba\source\repos\Traveler's_Shadow\Traveler's_Shadow\classes\boss.hpp(36,49): warning C4244:             T=float
C:\Users\Kuba\source\repos\Traveler's_Shadow\Traveler's_Shadow\classes\boss.hpp(36,49): warning C4244:         ]
  (compiling source file 'main.cpp')
  
C:\Users\Kuba\source\repos\Traveler's_Shadow\Traveler's_Shadow\classes\boss.hpp(60,70): warning C4244: 'argument': conversion from 'T' to 'int', possible loss of data
C:\Users\Kuba\source\repos\Traveler's_Shadow\Traveler's_Shadow\classes\boss.hpp(60,70): warning C4244:         with
C:\Users\Kuba\source\repos\Traveler's_Shadow\Traveler's_Shadow\classes\boss.hpp(60,70): warning C4244:         [
C:\Users\Kuba\source\repos\Traveler's_Shadow\Traveler's_Shadow\classes\boss.hpp(60,70): warning C4244:             T=float
C:\Users\Kuba\source\repos\Traveler's_Shadow\Traveler's_Shadow\classes\boss.hpp(60,70): warning C4244:         ]
  (compiling source file 'main.cpp')
  
C:\Users\Kuba\source\repos\Traveler's_Shadow\Traveler's_Shadow\classes\boss.hpp(64,59): warning C4244: 'argument': conversion from 'T' to 'int', possible loss of data
C:\Users\Kuba\source\repos\Traveler's_Shadow\Traveler's_Shadow\classes\boss.hpp(64,59): warning C4244:         with
C:\Users\Kuba\source\repos\Traveler's_Shadow\Traveler's_Shadow\classes\boss.hpp(64,59): warning C4244:         [
C:\Users\Kuba\source\repos\Traveler's_Shadow\Traveler's_Shadow\classes\boss.hpp(64,59): warning C4244:             T=float
C:\Users\Kuba\source\repos\Traveler's_Shadow\Traveler's_Shadow\classes\boss.hpp(64,59): warning C4244:         ]
  (compiling source file 'main.cpp')
  
C:\Users\Kuba\source\repos\Traveler's_Shadow\Traveler's_Shadow\classes\boss.hpp(77,24): warning C4244: 'argument': conversion from 'int' to 'float', possible loss of data
  (compiling source file 'main.cpp')
  
C:\Users\Kuba\source\repos\Traveler's_Shadow\Traveler's_Shadow\classes\button.hpp(9,38): warning C4244: 'argument': conversion from 'int' to 'T', possible loss of data
C:\Users\Kuba\source\repos\Traveler's_Shadow\Traveler's_Shadow\classes\button.hpp(9,38): warning C4244:         with
C:\Users\Kuba\source\repos\Traveler's_Shadow\Traveler's_Shadow\classes\button.hpp(9,38): warning C4244:         [
C:\Users\Kuba\source\repos\Traveler's_Shadow\Traveler's_Shadow\classes\button.hpp(9,38): warning C4244:             T=float
C:\Users\Kuba\source\repos\Traveler's_Shadow\Traveler's_Shadow\classes\button.hpp(9,38): warning C4244:         ]
  (compiling source file 'main.cpp')
  
C:\Users\Kuba\source\repos\Traveler's_Shadow\Traveler's_Shadow\classes\button.hpp(9,31): warning C4244: 'argument': conversion from 'int' to 'T', possible loss of data
C:\Users\Kuba\source\repos\Traveler's_Shadow\Traveler's_Shadow\classes\button.hpp(9,31): warning C4244:         with
C:\Users\Kuba\source\repos\Traveler's_Shadow\Traveler's_Shadow\classes\button.hpp(9,31): warning C4244:         [
C:\Users\Kuba\source\repos\Traveler's_Shadow\Traveler's_Shadow\classes\button.hpp(9,31): warning C4244:             T=float
C:\Users\Kuba\source\repos\Traveler's_Shadow\Traveler's_Shadow\classes\button.hpp(9,31): warning C4244:         ]
  (compiling source file 'main.cpp')
  
C:\Users\Kuba\source\repos\Traveler's_Shadow\Traveler's_Shadow\classes\button.hpp(11,26): warning C4244: 'argument': conversion from 'int' to 'float', possible loss of data
  (compiling source file 'main.cpp')
  
C:\Users\Kuba\source\repos\Traveler's_Shadow\Traveler's_Shadow\classes\button.hpp(11,19): warning C4244: 'argument': conversion from 'int' to 'float', possible loss of data
  (compiling source file 'main.cpp')
  
C:\Users\Kuba\source\repos\Traveler's_Shadow\Traveler's_Shadow\classes\rockpaperscissors.hpp(136,13): warning C4244: 'argument': conversion from 'time_t' to 'unsigned int', possible loss of data
  (compiling source file 'main.cpp')
  
C:\Users\Kuba\source\repos\Traveler's_Shadow\Traveler's_Shadow\classes\tictactoe.hpp(49,29): warning C4244: 'argument': conversion from 'double' to 'float', possible loss of data
  (compiling source file 'main.cpp')
  
C:\Users\Kuba\source\repos\Traveler's_Shadow\Traveler's_Shadow\main.cpp(23,24): warning C4244: '=': conversion from 'float' to 'int', possible loss of data
C:\Users\Kuba\source\repos\Traveler's_Shadow\Traveler's_Shadow\main.cpp(24,22): warning C4244: '=': conversion from 'float' to 'int', possible loss of data
C:\Users\Kuba\source\repos\Traveler's_Shadow\Traveler's_Shadow\main.cpp(37,99): warning C4305: 'argument': truncation from 'double' to 'float'
C:\Users\Kuba\source\repos\Traveler's_Shadow\Traveler's_Shadow\main.cpp(38,101): warning C4305: 'argument': truncation from 'double' to 'float'
C:\Users\Kuba\source\repos\Traveler's_Shadow\Traveler's_Shadow\main.cpp(39,113): warning C4305: 'argument': truncation from 'double' to 'float'
C:\Users\Kuba\source\repos\Traveler's_Shadow\Traveler's_Shadow\main.cpp(40,89): warning C4305: 'argument': truncation from 'double' to 'float'
C:\Users\Kuba\source\repos\Traveler's_Shadow\Traveler's_Shadow\main.cpp(53,94): warning C4244: 'argument': conversion from 'T' to 'float', possible loss of data
C:\Users\Kuba\source\repos\Traveler's_Shadow\Traveler's_Shadow\main.cpp(53,94): warning C4244:         with
C:\Users\Kuba\source\repos\Traveler's_Shadow\Traveler's_Shadow\main.cpp(53,94): warning C4244:         [
C:\Users\Kuba\source\repos\Traveler's_Shadow\Traveler's_Shadow\main.cpp(53,94): warning C4244:             T=unsigned int
C:\Users\Kuba\source\repos\Traveler's_Shadow\Traveler's_Shadow\main.cpp(53,94): warning C4244:         ]
C:\Users\Kuba\source\repos\Traveler's_Shadow\Traveler's_Shadow\main.cpp(53,68): warning C4244: 'argument': conversion from 'T' to 'float', possible loss of data
C:\Users\Kuba\source\repos\Traveler's_Shadow\Traveler's_Shadow\main.cpp(53,68): warning C4244:         with
C:\Users\Kuba\source\repos\Traveler's_Shadow\Traveler's_Shadow\main.cpp(53,68): warning C4244:         [
C:\Users\Kuba\source\repos\Traveler's_Shadow\Traveler's_Shadow\main.cpp(53,68): warning C4244:             T=unsigned int
C:\Users\Kuba\source\repos\Traveler's_Shadow\Traveler's_Shadow\main.cpp(53,68): warning C4244:         ]
C:\Users\Kuba\source\repos\Traveler's_Shadow\Traveler's_Shadow\main.cpp(59,94): warning C4244: 'argument': conversion from 'T' to 'int', possible loss of data
C:\Users\Kuba\source\repos\Traveler's_Shadow\Traveler's_Shadow\main.cpp(59,94): warning C4244:         with
C:\Users\Kuba\source\repos\Traveler's_Shadow\Traveler's_Shadow\main.cpp(59,94): warning C4244:         [
C:\Users\Kuba\source\repos\Traveler's_Shadow\Traveler's_Shadow\main.cpp(59,94): warning C4244:             T=float
C:\Users\Kuba\source\repos\Traveler's_Shadow\Traveler's_Shadow\main.cpp(59,94): warning C4244:         ]
C:\Users\Kuba\source\repos\Traveler's_Shadow\Traveler's_Shadow\main.cpp(69,89): warning C4244: 'argument': conversion from 'T' to 'int', possible loss of data
C:\Users\Kuba\source\repos\Traveler's_Shadow\Traveler's_Shadow\main.cpp(69,89): warning C4244:         with
C:\Users\Kuba\source\repos\Traveler's_Shadow\Traveler's_Shadow\main.cpp(69,89): warning C4244:         [
C:\Users\Kuba\source\repos\Traveler's_Shadow\Traveler's_Shadow\main.cpp(69,89): warning C4244:             T=float
C:\Users\Kuba\source\repos\Traveler's_Shadow\Traveler's_Shadow\main.cpp(69,89): warning C4244:         ]
C:\Users\Kuba\source\repos\Traveler's_Shadow\Traveler's_Shadow\main.cpp(81,67): warning C4244: 'argument': conversion from 'T' to 'int', possible loss of data
C:\Users\Kuba\source\repos\Traveler's_Shadow\Traveler's_Shadow\main.cpp(81,67): warning C4244:         with
C:\Users\Kuba\source\repos\Traveler's_Shadow\Traveler's_Shadow\main.cpp(81,67): warning C4244:         [
C:\Users\Kuba\source\repos\Traveler's_Shadow\Traveler's_Shadow\main.cpp(81,67): warning C4244:             T=float
C:\Users\Kuba\source\repos\Traveler's_Shadow\Traveler's_Shadow\main.cpp(81,67): warning C4244:         ]
C:\Users\Kuba\source\repos\Traveler's_Shadow\Traveler's_Shadow\main.cpp(86,68): warning C4244: 'argument': conversion from 'T' to 'float', possible loss of data
C:\Users\Kuba\source\repos\Traveler's_Shadow\Traveler's_Shadow\main.cpp(86,68): warning C4244:         with
C:\Users\Kuba\source\repos\Traveler's_Shadow\Traveler's_Shadow\main.cpp(86,68): warning C4244:         [
C:\Users\Kuba\source\repos\Traveler's_Shadow\Traveler's_Shadow\main.cpp(86,68): warning C4244:             T=unsigned int
C:\Users\Kuba\source\repos\Traveler's_Shadow\Traveler's_Shadow\main.cpp(86,68): warning C4244:         ]
C:\Users\Kuba\source\repos\Traveler's_Shadow\Traveler's_Shadow\main.cpp(88,62): warning C4244: 'argument': conversion from 'T' to 'float', possible loss of data
C:\Users\Kuba\source\repos\Traveler's_Shadow\Traveler's_Shadow\main.cpp(88,62): warning C4244:         with
C:\Users\Kuba\source\repos\Traveler's_Shadow\Traveler's_Shadow\main.cpp(88,62): warning C4244:         [
C:\Users\Kuba\source\repos\Traveler's_Shadow\Traveler's_Shadow\main.cpp(88,62): warning C4244:             T=unsigned int
C:\Users\Kuba\source\repos\Traveler's_Shadow\Traveler's_Shadow\main.cpp(88,62): warning C4244:         ]
C:\Users\Kuba\source\repos\Traveler's_Shadow\Traveler's_Shadow\main.cpp(90,67): warning C4244: 'argument': conversion from 'T' to 'int', possible loss of data
C:\Users\Kuba\source\repos\Traveler's_Shadow\Traveler's_Shadow\main.cpp(90,67): warning C4244:         with
C:\Users\Kuba\source\repos\Traveler's_Shadow\Traveler's_Shadow\main.cpp(90,67): warning C4244:         [
C:\Users\Kuba\source\repos\Traveler's_Shadow\Traveler's_Shadow\main.cpp(90,67): warning C4244:             T=float
C:\Users\Kuba\source\repos\Traveler's_Shadow\Traveler's_Shadow\main.cpp(90,67): warning C4244:         ]
C:\Users\Kuba\source\repos\Traveler's_Shadow\Traveler's_Shadow\main.cpp(92,89): warning C4244: 'argument': conversion from 'T' to 'int', possible loss of data
C:\Users\Kuba\source\repos\Traveler's_Shadow\Traveler's_Shadow\main.cpp(92,89): warning C4244:         with
C:\Users\Kuba\source\repos\Traveler's_Shadow\Traveler's_Shadow\main.cpp(92,89): warning C4244:         [
C:\Users\Kuba\source\repos\Traveler's_Shadow\Traveler's_Shadow\main.cpp(92,89): warning C4244:             T=float
C:\Users\Kuba\source\repos\Traveler's_Shadow\Traveler's_Shadow\main.cpp(92,89): warning C4244:         ]
  player.cpp
C:\Users\Kuba\source\repos\Traveler's_Shadow\Traveler's_Shadow\classes\math.hpp(12,29): warning C4244: 'argument': conversion from 'float' to 'int', possible loss of data
  (compiling source file 'source/player.cpp')
  
C:\Users\Kuba\source\repos\Traveler's_Shadow\Traveler's_Shadow\classes\math.hpp(12,45): warning C4244: 'argument': conversion from 'float' to 'int', possible loss of data
  (compiling source file 'source/player.cpp')
  
C:\Users\Kuba\source\repos\Traveler's_Shadow\Traveler's_Shadow\classes\math.hpp(17,12): warning C4244: 'return': conversion from 'int' to 'float', possible loss of data
  (compiling source file 'source/player.cpp')
  
C:\Users\Kuba\source\repos\Traveler's_Shadow\Traveler's_Shadow\classes\input.hpp(12,11): warning C4552: '-': result of expression not used
  (compiling source file 'source/player.cpp')
  
C:\Users\Kuba\source\repos\Traveler's_Shadow\Traveler's_Shadow\classes\input.hpp(65,12): warning C4305: 'return': truncation from 'double' to 'float'
  (compiling source file 'source/player.cpp')
  
C:\Users\Kuba\source\repos\Traveler's_Shadow\Traveler's_Shadow\classes\healthbars.hpp(6,50): warning C4244: 'argument': conversion from 'int' to 'T', possible loss of data
C:\Users\Kuba\source\repos\Traveler's_Shadow\Traveler's_Shadow\classes\healthbars.hpp(6,50): warning C4244:         with
C:\Users\Kuba\source\repos\Traveler's_Shadow\Traveler's_Shadow\classes\healthbars.hpp(6,50): warning C4244:         [
C:\Users\Kuba\source\repos\Traveler's_Shadow\Traveler's_Shadow\classes\healthbars.hpp(6,50): warning C4244:             T=float
C:\Users\Kuba\source\repos\Traveler's_Shadow\Traveler's_Shadow\classes\healthbars.hpp(6,50): warning C4244:         ]
  (compiling source file 'source/player.cpp')
  
C:\Users\Kuba\source\repos\Traveler's_Shadow\Traveler's_Shadow\classes\healthbars.hpp(6,34): warning C4244: 'argument': conversion from 'int' to 'T', possible loss of data
C:\Users\Kuba\source\repos\Traveler's_Shadow\Traveler's_Shadow\classes\healthbars.hpp(6,34): warning C4244:         with
C:\Users\Kuba\source\repos\Traveler's_Shadow\Traveler's_Shadow\classes\healthbars.hpp(6,34): warning C4244:         [
C:\Users\Kuba\source\repos\Traveler's_Shadow\Traveler's_Shadow\classes\healthbars.hpp(6,34): warning C4244:             T=float
C:\Users\Kuba\source\repos\Traveler's_Shadow\Traveler's_Shadow\classes\healthbars.hpp(6,34): warning C4244:         ]
  (compiling source file 'source/player.cpp')
  
C:\Users\Kuba\source\repos\Traveler's_Shadow\Traveler's_Shadow\classes\healthbars.hpp(7,60): warning C4244: 'argument': conversion from 'int' to 'T', possible loss of data
C:\Users\Kuba\source\repos\Traveler's_Shadow\Traveler's_Shadow\classes\healthbars.hpp(7,60): warning C4244:         with
C:\Users\Kuba\source\repos\Traveler's_Shadow\Traveler's_Shadow\classes\healthbars.hpp(7,60): warning C4244:         [
C:\Users\Kuba\source\repos\Traveler's_Shadow\Traveler's_Shadow\classes\healthbars.hpp(7,60): warning C4244:             T=float
C:\Users\Kuba\source\repos\Traveler's_Shadow\Traveler's_Shadow\classes\healthbars.hpp(7,60): warning C4244:         ]
  (compiling source file 'source/player.cpp')
  
C:\Users\Kuba\source\repos\Traveler's_Shadow\Traveler's_Shadow\classes\healthbars.hpp(7,44): warning C4244: 'argument': conversion from 'int' to 'T', possible loss of data
C:\Users\Kuba\source\repos\Traveler's_Shadow\Traveler's_Shadow\classes\healthbars.hpp(7,44): warning C4244:         with
C:\Users\Kuba\source\repos\Traveler's_Shadow\Traveler's_Shadow\classes\healthbars.hpp(7,44): warning C4244:         [
C:\Users\Kuba\source\repos\Traveler's_Shadow\Traveler's_Shadow\classes\healthbars.hpp(7,44): warning C4244:             T=float
C:\Users\Kuba\source\repos\Traveler's_Shadow\Traveler's_Shadow\classes\healthbars.hpp(7,44): warning C4244:         ]
  (compiling source file 'source/player.cpp')
  
C:\Users\Kuba\source\repos\Traveler's_Shadow\Traveler's_Shadow\classes\entity.hpp(17,24): warning C4305: 'initializing': truncation from 'double' to 'const float'
  (compiling source file 'source/player.cpp')
  
C:\Users\Kuba\source\repos\Traveler's_Shadow\Traveler's_Shadow\classes\player.hpp(4,153): warning C4244: 'argument': conversion from 'const int' to 'float', possible loss of data
  (compiling source file 'source/player.cpp')
  
C:\Users\Kuba\source\repos\Traveler's_Shadow\Traveler's_Shadow\source\player.cpp(21,61): warning C4244: 'argument': conversion from 'T' to 'int', possible loss of data
C:\Users\Kuba\source\repos\Traveler's_Shadow\Traveler's_Shadow\source\player.cpp(21,61): warning C4244:         with
C:\Users\Kuba\source\repos\Traveler's_Shadow\Traveler's_Shadow\source\player.cpp(21,61): warning C4244:         [
C:\Users\Kuba\source\repos\Traveler's_Shadow\Traveler's_Shadow\source\player.cpp(21,61): warning C4244:             T=float
C:\Users\Kuba\source\repos\Traveler's_Shadow\Traveler's_Shadow\source\player.cpp(21,61): warning C4244:         ]
C:\Users\Kuba\source\repos\Traveler's_Shadow\Traveler's_Shadow\source\player.cpp(67,62): warning C4244: 'argument': conversion from 'int' to 'float', possible loss of data
C:\Users\Kuba\source\repos\Traveler's_Shadow\Traveler's_Shadow\source\player.cpp(68,33): warning C4244: 'argument': conversion from 'int' to 'float', possible loss of data
  Generating Code...
C:\Users\Kuba\source\repos\Traveler's_Shadow\Traveler's_Shadow\source\player.cpp(73): warning C4715: 'Player::attack': not all control paths return a value
C:\Users\Kuba\source\repos\Traveler's_Shadow\Traveler's_Shadow\classes\animation.hpp(36): warning C4715: 'Animation::animate': not all control paths return a value
C:\Users\Kuba\source\repos\Traveler's_Shadow\Traveler's_Shadow\classes\collisions.hpp(26): warning C4715: 'Collisions::collidesWithBorder': not all control paths return a value
C:\Users\Kuba\source\repos\Traveler's_Shadow\Traveler's_Shadow\classes\collisions.hpp(26): warning C4715: 'Collisions::collidesWithBorder': not all control paths return a value
C:\Users\Kuba\source\repos\Traveler's_Shadow\Traveler's_Shadow\classes\rockpaperscissors.hpp(134): warning C4715: 'RockPaperScissors::play': not all control paths return a value
C:\Users\Kuba\source\repos\Traveler's_Shadow\Traveler's_Shadow\classes\boss.hpp(83): warning C4715: 'Boss::bossSpins': not all control paths return a value
  Traveler's_Shadow.vcxproj -> C:\Users\Kuba\source\repos\Traveler's_Shadow\x64\Debug\Traveler's_Shadow.exe
